{ level: 'error',
  message: 'Error: Command failed: git pull origin master\nFrom github.com:Heboy/i-have-nothing-to-submit\n * branch            master     -> FETCH_HEAD\n',
  timestamp: '2018-06-19T05:40:14.074Z',
  [Symbol(level)]: 'error' }
{ level: 'error',
  message: 'Error: Command failed: git pull origin master\nssh: connect to host github.com port 22: Connection timed out\r\nfatal: Could not read from remote repository.\n\nPlease make sure you have the correct access rights\nand the repository exists.\n',
  timestamp: '2019-07-25T06:03:14.931Z',
  [Symbol(level)]: 'error' }
{ level: 'error',
  message: 'Error: Command failed: git pull origin master\nssh: connect to host github.com port 22: Connection timed out\r\nfatal: Could not read from remote repository.\n\nPlease make sure you have the correct access rights\nand the repository exists.\n',
  timestamp: '2019-11-24T06:03:13.651Z',
  [Symbol(level)]: 'error' }
{ level: 'error',
  message: 'Error: Command failed: git pull origin master\nConnection closed by 13.250.177.223\r\nfatal: Could not read from remote repository.\n\nPlease make sure you have the correct access rights\nand the repository exists.\n',
  timestamp: '2021-07-29T06:11:28.077Z',
  [Symbol(level)]: 'error' }
{ level: 'error',
  message: 'Error: Command failed: git pull origin master\nssh_exchange_identification: read: Connection timed out\r\nfatal: Could not read from remote repository.\n\nPlease make sure you have the correct access rights\nand the repository exists.\n',
  timestamp: '2022-03-17T06:18:16.493Z',
  [Symbol(level)]: 'error' }
{ level: 'error',
  message: 'Error: Command failed: git pull origin master\nssh_exchange_identification: read: Connection reset by peer\r\nfatal: Could not read from remote repository.\n\nPlease make sure you have the correct access rights\nand the repository exists.\n',
  timestamp: '2022-03-20T06:01:05.295Z',
  [Symbol(level)]: 'error' }
{ level: 'error',
  message: 'Error: Command failed: git pull origin master\nssh_exchange_identification: read: Connection reset by peer\r\nfatal: Could not read from remote repository.\n\nPlease make sure you have the correct access rights\nand the repository exists.\n',
  timestamp: '2022-07-15T06:01:04.730Z',
  [Symbol(level)]: 'error' }
{ level: 'error',
  message: 'Error: Command failed: git pull origin master\nssh: Could not resolve hostname github.com: Name or service not known\r\nfatal: Could not read from remote repository.\n\nPlease make sure you have the correct access rights\nand the repository exists.\n',
  timestamp: '2023-03-06T06:01:01.458Z',
  [Symbol(level)]: 'error' }
