0 info it worked if it ends with ok
1 verbose cli [ '/usr/bin/node', '/usr/bin/npm', 'run', 'git' ]
2 info using npm@3.10.10
3 info using node@v6.14.2
4 verbose run-script [ 'pregit', 'git', 'postgit' ]
5 info lifecycle i-have-nothing-to-submit@0.0.1~pregit: i-have-nothing-to-submit@0.0.1
6 silly lifecycle i-have-nothing-to-submit@0.0.1~pregit: no script for pregit, continuing
7 info lifecycle i-have-nothing-to-submit@0.0.1~git: i-have-nothing-to-submit@0.0.1
8 verbose lifecycle i-have-nothing-to-submit@0.0.1~git: unsafe-perm in lifecycle true
9 verbose lifecycle i-have-nothing-to-submit@0.0.1~git: PATH: /usr/lib/node_modules/npm/bin/node-gyp-bin:/home/i-have-nothing-to-submit/node_modules/.bin:/usr/local/sbin:/usr/local/bin:/usr/sbin:/usr/bin:/root/bin
10 verbose lifecycle i-have-nothing-to-submit@0.0.1~git: CWD: /home/i-have-nothing-to-submit
11 silly lifecycle i-have-nothing-to-submit@0.0.1~git: Args: [ '-c',
11 silly lifecycle   'git add . && git commit -m \'update\' && git pull origin master && git push origin master' ]
12 silly lifecycle i-have-nothing-to-submit@0.0.1~git: Returned: code: 1  signal: null
13 info lifecycle i-have-nothing-to-submit@0.0.1~git: Failed to exec git script
14 verbose stack Error: i-have-nothing-to-submit@0.0.1 git: `git add . && git commit -m 'update' && git pull origin master && git push origin master`
14 verbose stack Exit status 1
14 verbose stack     at EventEmitter.<anonymous> (/usr/lib/node_modules/npm/lib/utils/lifecycle.js:255:16)
14 verbose stack     at emitTwo (events.js:106:13)
14 verbose stack     at EventEmitter.emit (events.js:191:7)
14 verbose stack     at ChildProcess.<anonymous> (/usr/lib/node_modules/npm/lib/utils/spawn.js:40:14)
14 verbose stack     at emitTwo (events.js:106:13)
14 verbose stack     at ChildProcess.emit (events.js:191:7)
14 verbose stack     at maybeClose (internal/child_process.js:920:16)
14 verbose stack     at Process.ChildProcess._handle.onexit (internal/child_process.js:230:5)
15 verbose pkgid i-have-nothing-to-submit@0.0.1
16 verbose cwd /home/i-have-nothing-to-submit
17 error Linux 3.10.0-514.26.2.el7.x86_64
18 error argv "/usr/bin/node" "/usr/bin/npm" "run" "git"
19 error node v6.14.2
20 error npm  v3.10.10
21 error code ELIFECYCLE
22 error i-have-nothing-to-submit@0.0.1 git: `git add . && git commit -m 'update' && git pull origin master && git push origin master`
22 error Exit status 1
23 error Failed at the i-have-nothing-to-submit@0.0.1 git script 'git add . && git commit -m 'update' && git pull origin master && git push origin master'.
23 error Make sure you have the latest version of node.js and npm installed.
23 error If you do, this is most likely a problem with the i-have-nothing-to-submit package,
23 error not with npm itself.
23 error Tell the author that this fails on your system:
23 error     git add . && git commit -m 'update' && git pull origin master && git push origin master
23 error You can get information on how to open an issue for this project with:
23 error     npm bugs i-have-nothing-to-submit
23 error Or if that isn't available, you can get their info via:
23 error     npm owner ls i-have-nothing-to-submit
23 error There is likely additional logging output above.
24 verbose exit [ 1, true ]
